
22.04.2023 20:47:45 [START]     : ======================= Application started =======================
22.04.2023 20:47:45 [INFO]      : Loading data...
22.04.2023 20:47:45 [INFO]      : Loading user data
22.04.2023 20:47:45 [INFO]      : Loaded 0 users
22.04.2023 20:47:45 [INFO]      : Loading flight data
22.04.2023 20:47:45 [INFO]      : Loaded 100 flights
22.04.2023 20:47:45 [INFO]      : Loading booking data
22.04.2023 20:47:45 [INFO]      : Loaded 0 bookings
----------------------------------------------------------------------------------------------------
22.04.2023 20:47:45 [INFO]      : Show: Auth menu
22.04.2023 20:47:45 [MESSAGE]   : Enter menu number

22.04.2023 20:47:57 [START]     : ======================= Application started =======================
22.04.2023 20:47:57 [INFO]      : Loading data...
22.04.2023 20:47:57 [INFO]      : Loading user data
22.04.2023 20:47:57 [INFO]      : Loaded 0 users
22.04.2023 20:47:57 [INFO]      : Loading flight data
22.04.2023 20:47:57 [INFO]      : Loaded 100 flights
22.04.2023 20:47:57 [INFO]      : Loading booking data
22.04.2023 20:47:57 [INFO]      : Loaded 0 bookings
----------------------------------------------------------------------------------------------------
22.04.2023 20:47:57 [INFO]      : Show: Auth menu
22.04.2023 20:47:57 [MESSAGE]   : Enter menu number
22.04.2023 20:47:59 [COMMAND]   : 1
22.04.2023 20:47:59 [INFO]      : Menu Item: Registration

22.04.2023 20:48:10 [START]     : ======================= Application started =======================
22.04.2023 20:48:10 [INFO]      : Loading data...
22.04.2023 20:48:10 [INFO]      : Loading user data
22.04.2023 20:48:10 [INFO]      : Loaded 0 users
22.04.2023 20:48:10 [INFO]      : Loading flight data
22.04.2023 20:48:10 [INFO]      : Loaded 100 flights
22.04.2023 20:48:10 [INFO]      : Loading booking data
22.04.2023 20:48:10 [INFO]      : Loaded 0 bookings
----------------------------------------------------------------------------------------------------
22.04.2023 20:48:10 [INFO]      : Show: Auth menu
22.04.2023 20:48:10 [MESSAGE]   : Enter menu number
22.04.2023 20:48:14 [COMMAND]   : admin
22.04.2023 20:48:14 [ERROR]     : Enter menu error: For input string: "admin"
22.04.2023 20:48:14 [MESSAGE]   : Enter menu number
22.04.2023 20:48:16 [COMMAND]   : 1
22.04.2023 20:48:16 [INFO]      : Menu Item: Registration
22.04.2023 20:48:23 [INFO]      : Show: Main menu
22.04.2023 20:48:23 [MESSAGE]   : Enter menu number
22.04.2023 20:48:28 [COMMAND]   : 3
22.04.2023 20:48:28 [INFO]      : Menu Item: Search & booking
22.04.2023 20:48:28 [MESSAGE]   : Enter departure airport (e.g 'KBP', 'Ukraine', 'UA', 'Kyiv', '36U')
22.04.2023 20:48:31 [COMMAND]   : User enter KBP airport
22.04.2023 20:48:31 [MESSAGE]   : Enter airport of arrival (e.g 'BOS', 'USA', 'Boston')
22.04.2023 20:48:33 [COMMAND]   : User enter DEN airport
22.04.2023 20:48:33 [MESSAGE]   : Enter data
22.04.2023 20:48:37 [MESSAGE]   : Enter the number of passengers
22.04.2023 20:48:41 [INFO]      : Show: Main menu
22.04.2023 20:48:41 [MESSAGE]   : Enter menu number
22.04.2023 20:48:44 [COMMAND]   : 5
22.04.2023 20:48:44 [INFO]      : Menu Item: Cancel booking

22.04.2023 20:48:56 [START]     : ======================= Application started =======================
22.04.2023 20:48:56 [INFO]      : Loading data...
22.04.2023 20:48:56 [INFO]      : Loading user data
22.04.2023 20:48:56 [INFO]      : Loaded 0 users
22.04.2023 20:48:56 [INFO]      : Loading flight data
22.04.2023 20:48:56 [INFO]      : Loaded 100 flights
22.04.2023 20:48:56 [INFO]      : Loading booking data
22.04.2023 20:48:56 [INFO]      : Loaded 0 bookings
----------------------------------------------------------------------------------------------------
22.04.2023 20:48:56 [INFO]      : Show: Auth menu
22.04.2023 20:48:56 [MESSAGE]   : Enter menu number
22.04.2023 20:48:58 [COMMAND]   : 1
22.04.2023 20:48:58 [INFO]      : Menu Item: Registration
22.04.2023 20:49:03 [INFO]      : Show: Main menu
22.04.2023 20:49:03 [MESSAGE]   : Enter menu number
22.04.2023 20:49:04 [COMMAND]   : q
----------------------------------------------------------------------------------------------------
22.04.2023 20:49:04 [INFO]      : Data storage...
22.04.2023 20:49:04 [INFO]      : Saving user data. 1
22.04.2023 20:49:04 [INFO]      : Saving booking data. 0
22.04.2023 20:49:04 [INFO]      : Saving flight data. 0
----------------------------------------------------------------------------------------------------
22.04.2023 20:49:04 [EXIT]      : System exit code 0.

22.04.2023 20:49:09 [START]     : ======================= Application started =======================
22.04.2023 20:49:09 [INFO]      : Loading data...
22.04.2023 20:49:09 [INFO]      : Loading user data
22.04.2023 20:49:09 [INFO]      : Loaded 1 users
22.04.2023 20:49:09 [INFO]      : Loading flight data
22.04.2023 20:49:09 [INFO]      : Loaded 0 flights
22.04.2023 20:49:09 [INFO]      : Loading booking data
22.04.2023 20:49:09 [INFO]      : Loaded 0 bookings
----------------------------------------------------------------------------------------------------
22.04.2023 20:49:09 [INFO]      : Show: Auth menu
22.04.2023 20:49:09 [MESSAGE]   : Enter menu number
22.04.2023 20:49:10 [COMMAND]   : 1
22.04.2023 20:49:10 [INFO]      : Menu Item: Registration

22.04.2023 20:49:17 [START]     : ======================= Application started =======================
22.04.2023 20:49:17 [INFO]      : Loading data...
22.04.2023 20:49:17 [INFO]      : Loading user data
22.04.2023 20:49:17 [INFO]      : Loaded 1 users
22.04.2023 20:49:17 [INFO]      : Loading flight data
22.04.2023 20:49:17 [INFO]      : Loaded 0 flights
22.04.2023 20:49:17 [INFO]      : Loading booking data
22.04.2023 20:49:17 [INFO]      : Loaded 0 bookings
----------------------------------------------------------------------------------------------------
22.04.2023 20:49:17 [INFO]      : Show: Auth menu
22.04.2023 20:49:17 [MESSAGE]   : Enter menu number

22.04.2023 20:49:33 [START]     : ======================= Application started =======================
22.04.2023 20:49:33 [INFO]      : Loading data...
22.04.2023 20:49:33 [INFO]      : Loading user data
22.04.2023 20:49:33 [INFO]      : Loaded 1 users
22.04.2023 20:49:33 [INFO]      : Loading flight data
22.04.2023 20:49:33 [INFO]      : Loaded 0 flights
22.04.2023 20:49:33 [INFO]      : Loading booking data
22.04.2023 20:49:33 [INFO]      : Loaded 0 bookings
----------------------------------------------------------------------------------------------------
22.04.2023 20:49:33 [INFO]      : Show: Auth menu
22.04.2023 20:49:33 [MESSAGE]   : Enter menu number
22.04.2023 20:49:35 [COMMAND]   : 1
22.04.2023 20:49:35 [INFO]      : Menu Item: Login
22.04.2023 20:49:37 [INFO]      : Show: Main menu
22.04.2023 20:49:37 [MESSAGE]   : Enter menu number
22.04.2023 20:49:42 [COMMAND]   : 4
22.04.2023 20:49:42 [INFO]      : Menu Item: My bookings
22.04.2023 20:49:42 [INFO]      : Show: Main menu
22.04.2023 20:49:42 [MESSAGE]   : Enter menu number
22.04.2023 20:49:53 [COMMAND]   : 3
22.04.2023 20:49:53 [INFO]      : Menu Item: Search & booking
22.04.2023 20:49:53 [MESSAGE]   : Enter departure airport (e.g 'KBP', 'Ukraine', 'UA', 'Kyiv', '36U')
22.04.2023 20:49:57 [COMMAND]   : User enter KBP airport
22.04.2023 20:49:57 [MESSAGE]   : Enter airport of arrival (e.g 'BOS', 'USA', 'Boston')
22.04.2023 20:49:59 [COMMAND]   : User enter DEN airport
22.04.2023 20:49:59 [MESSAGE]   : Enter data
22.04.2023 20:50:03 [MESSAGE]   : Enter the number of passengers
22.04.2023 20:50:06 [INFO]      : Show: Main menu
22.04.2023 20:50:06 [MESSAGE]   : Enter menu number
22.04.2023 20:50:12 [COMMAND]   : 4
22.04.2023 20:50:12 [INFO]      : Menu Item: My bookings
22.04.2023 20:50:12 [INFO]      : Show: Main menu
22.04.2023 20:50:12 [MESSAGE]   : Enter menu number

22.04.2023 20:52:22 [START]     : ======================= Application started =======================
22.04.2023 20:52:22 [INFO]      : Loading data...
22.04.2023 20:52:22 [INFO]      : Loading user data
22.04.2023 20:52:22 [INFO]      : Loaded 1 users
22.04.2023 20:52:22 [INFO]      : Loading flight data
22.04.2023 20:52:22 [INFO]      : Loaded 0 flights
22.04.2023 20:52:22 [INFO]      : Loading booking data
22.04.2023 20:52:22 [INFO]      : Loaded 0 bookings
----------------------------------------------------------------------------------------------------
22.04.2023 20:52:22 [INFO]      : Show: Auth menu
22.04.2023 20:52:22 [MESSAGE]   : Enter menu number

22.04.2023 20:52:40 [START]     : ======================= Application started =======================
22.04.2023 20:52:40 [INFO]      : Loading data...
22.04.2023 20:52:40 [INFO]      : Loading user data
22.04.2023 20:52:40 [INFO]      : Loaded 1 users
22.04.2023 20:52:40 [INFO]      : Loading flight data
22.04.2023 20:52:40 [INFO]      : Loaded 0 flights
22.04.2023 20:52:40 [INFO]      : Loading booking data
22.04.2023 20:52:40 [INFO]      : Loaded 0 bookings
----------------------------------------------------------------------------------------------------
22.04.2023 20:52:40 [INFO]      : Show: Auth menu
22.04.2023 20:52:40 [MESSAGE]   : Enter menu number
22.04.2023 20:52:40 [COMMAND]   : 1
22.04.2023 20:52:40 [INFO]      : Menu Item: Login
22.04.2023 20:52:50 [INFO]      : Show: Main menu
22.04.2023 20:52:50 [MESSAGE]   : Enter menu number
22.04.2023 20:52:53 [COMMAND]   : 4
22.04.2023 20:52:53 [INFO]      : Menu Item: My bookings
22.04.2023 20:52:53 [INFO]      : Show: Main menu
22.04.2023 20:52:53 [MESSAGE]   : Enter menu number
22.04.2023 20:52:58 [COMMAND]   : 4
22.04.2023 20:52:58 [INFO]      : Menu Item: My bookings
22.04.2023 20:52:58 [INFO]      : Show: Main menu
22.04.2023 20:52:58 [MESSAGE]   : Enter menu number

22.04.2023 20:54:04 [START]     : ======================= Application started =======================
22.04.2023 20:54:04 [INFO]      : Loading data...
22.04.2023 20:54:04 [INFO]      : Loading user data
22.04.2023 20:54:04 [INFO]      : Loaded 1 users
22.04.2023 20:54:04 [INFO]      : Loading flight data
22.04.2023 20:54:04 [INFO]      : Loaded 0 flights
22.04.2023 20:54:04 [INFO]      : Loading booking data
22.04.2023 20:54:04 [INFO]      : Loaded 0 bookings
----------------------------------------------------------------------------------------------------
22.04.2023 20:54:04 [INFO]      : Show: Auth menu
22.04.2023 20:54:04 [MESSAGE]   : Enter menu number
22.04.2023 20:54:05 [COMMAND]   : 1
22.04.2023 20:54:05 [INFO]      : Menu Item: Login
22.04.2023 20:54:07 [INFO]      : Show: Main menu
22.04.2023 20:54:07 [MESSAGE]   : Enter menu number
22.04.2023 20:54:09 [COMMAND]   : 4
22.04.2023 20:54:09 [INFO]      : Menu Item: My bookings
22.04.2023 20:54:09 [INFO]      : Show: Main menu
22.04.2023 20:54:09 [MESSAGE]   : Enter menu number

22.04.2023 20:54:29 [START]     : ======================= Application started =======================
22.04.2023 20:54:29 [INFO]      : Loading data...
22.04.2023 20:54:29 [INFO]      : Loading user data
22.04.2023 20:54:29 [INFO]      : Loaded 1 users
22.04.2023 20:54:29 [INFO]      : Loading flight data
22.04.2023 20:54:29 [INFO]      : Loaded 0 flights
22.04.2023 20:54:29 [INFO]      : Loading booking data
22.04.2023 20:54:29 [INFO]      : Loaded 0 bookings
----------------------------------------------------------------------------------------------------
22.04.2023 20:54:29 [INFO]      : Show: Auth menu
22.04.2023 20:54:29 [MESSAGE]   : Enter menu number
22.04.2023 20:54:30 [COMMAND]   : 1
22.04.2023 20:54:30 [INFO]      : Menu Item: Login
22.04.2023 20:54:36 [INFO]      : Show: Main menu
22.04.2023 20:54:36 [MESSAGE]   : Enter menu number
22.04.2023 20:54:38 [COMMAND]   : 4
22.04.2023 20:54:38 [INFO]      : Menu Item: My bookings
22.04.2023 20:54:38 [INFO]      : Show: Main menu
22.04.2023 20:54:38 [MESSAGE]   : Enter menu number

22.04.2023 20:54:56 [START]     : ======================= Application started =======================
22.04.2023 20:54:56 [INFO]      : Loading data...
22.04.2023 20:54:56 [INFO]      : Loading user data
22.04.2023 20:54:56 [INFO]      : Loaded 1 users
22.04.2023 20:54:56 [INFO]      : Loading flight data
22.04.2023 20:54:56 [INFO]      : Loaded 0 flights
22.04.2023 20:54:56 [INFO]      : Loading booking data
22.04.2023 20:54:56 [INFO]      : Loaded 0 bookings
----------------------------------------------------------------------------------------------------
22.04.2023 20:54:56 [INFO]      : Show: Auth menu
22.04.2023 20:54:56 [MESSAGE]   : Enter menu number
22.04.2023 20:54:57 [COMMAND]   : 1
22.04.2023 20:54:57 [INFO]      : Menu Item: Login
22.04.2023 20:54:59 [INFO]      : Show: Main menu
22.04.2023 20:54:59 [MESSAGE]   : Enter menu number
22.04.2023 20:55:00 [COMMAND]   : 4
22.04.2023 20:55:00 [INFO]      : Menu Item: My bookings
22.04.2023 20:55:00 [INFO]      : Show: Main menu
22.04.2023 20:55:00 [MESSAGE]   : Enter menu number

22.04.2023 20:55:24 [START]     : ======================= Application started =======================
22.04.2023 20:55:24 [INFO]      : Loading data...
22.04.2023 20:55:24 [INFO]      : Loading user data
22.04.2023 20:55:24 [INFO]      : Loaded 1 users
22.04.2023 20:55:24 [INFO]      : Loading flight data
22.04.2023 20:55:24 [INFO]      : Loaded 0 flights
22.04.2023 20:55:24 [INFO]      : Loading booking data
22.04.2023 20:55:24 [INFO]      : Loaded 0 bookings
----------------------------------------------------------------------------------------------------
22.04.2023 20:55:24 [INFO]      : Show: Auth menu
22.04.2023 20:55:24 [MESSAGE]   : Enter menu number
22.04.2023 20:55:25 [COMMAND]   : 1
22.04.2023 20:55:25 [INFO]      : Menu Item: Login
22.04.2023 20:55:27 [INFO]      : Show: Main menu
22.04.2023 20:55:27 [MESSAGE]   : Enter menu number
22.04.2023 20:55:32 [COMMAND]   : 3
22.04.2023 20:55:32 [INFO]      : Menu Item: Search & booking
22.04.2023 20:55:32 [MESSAGE]   : Enter departure airport (e.g 'KBP', 'Ukraine', 'UA', 'Kyiv', '36U')
22.04.2023 20:55:33 [COMMAND]   : User enter KBP airport
22.04.2023 20:55:33 [MESSAGE]   : Enter airport of arrival (e.g 'BOS', 'USA', 'Boston')
22.04.2023 20:55:35 [COMMAND]   : User enter DEN airport
22.04.2023 20:55:35 [MESSAGE]   : Enter data
22.04.2023 20:55:39 [MESSAGE]   : Enter the number of passengers
22.04.2023 20:55:43 [INFO]      : Show: Main menu
22.04.2023 20:55:43 [MESSAGE]   : Enter menu number
22.04.2023 20:55:52 [COMMAND]   : q
----------------------------------------------------------------------------------------------------
22.04.2023 20:55:52 [INFO]      : Data storage...
22.04.2023 20:55:52 [INFO]      : Saving user data. 1
22.04.2023 20:55:52 [INFO]      : Saving booking data. 1
22.04.2023 20:55:52 [INFO]      : Saving flight data. 0
----------------------------------------------------------------------------------------------------
22.04.2023 20:55:52 [EXIT]      : System exit code 0.

22.04.2023 20:55:55 [START]     : ======================= Application started =======================
22.04.2023 20:55:55 [INFO]      : Loading data...
22.04.2023 20:55:55 [INFO]      : Loading user data
22.04.2023 20:55:55 [INFO]      : Loaded 1 users
22.04.2023 20:55:55 [INFO]      : Loading flight data
22.04.2023 20:55:55 [INFO]      : Loaded 0 flights
22.04.2023 20:55:55 [INFO]      : Loading booking data
22.04.2023 20:55:55 [INFO]      : Loaded 1 bookings
----------------------------------------------------------------------------------------------------
22.04.2023 20:55:55 [INFO]      : Show: Auth menu
22.04.2023 20:55:55 [MESSAGE]   : Enter menu number
22.04.2023 20:55:57 [COMMAND]   : admin
22.04.2023 20:55:57 [ERROR]     : Enter menu error: For input string: "admin"
22.04.2023 20:55:57 [MESSAGE]   : Enter menu number
22.04.2023 20:55:59 [COMMAND]   : 1
22.04.2023 20:55:59 [INFO]      : Menu Item: Login
22.04.2023 20:56:00 [INFO]      : Show: Main menu
22.04.2023 20:56:00 [MESSAGE]   : Enter menu number
22.04.2023 20:56:04 [COMMAND]   : 4
22.04.2023 20:56:04 [INFO]      : Menu Item: My bookings
22.04.2023 20:56:04 [INFO]      : Show: Main menu
22.04.2023 20:56:04 [MESSAGE]   : Enter menu number

22.04.2023 20:56:29 [START]     : ======================= Application started =======================
22.04.2023 20:56:29 [INFO]      : Loading data...
22.04.2023 20:56:29 [INFO]      : Loading user data
22.04.2023 20:56:29 [INFO]      : Loaded 1 users
22.04.2023 20:56:29 [INFO]      : Loading flight data
22.04.2023 20:56:29 [INFO]      : Loaded 0 flights
22.04.2023 20:56:29 [INFO]      : Loading booking data
22.04.2023 20:56:29 [INFO]      : Loaded 1 bookings
----------------------------------------------------------------------------------------------------
22.04.2023 20:56:29 [INFO]      : Show: Auth menu
22.04.2023 20:56:29 [MESSAGE]   : Enter menu number

22.04.2023 20:57:00 [START]     : ======================= Application started =======================
22.04.2023 20:57:00 [INFO]      : Loading data...
22.04.2023 20:57:01 [INFO]      : Loading user data
22.04.2023 20:57:01 [INFO]      : Loaded 1 users
22.04.2023 20:57:01 [INFO]      : Loading flight data
22.04.2023 20:57:01 [INFO]      : Loaded 0 flights
22.04.2023 20:57:01 [INFO]      : Loading booking data
22.04.2023 20:57:01 [INFO]      : Loaded 1 bookings
----------------------------------------------------------------------------------------------------
22.04.2023 20:57:01 [INFO]      : Show: Auth menu
22.04.2023 20:57:01 [MESSAGE]   : Enter menu number
22.04.2023 20:57:02 [COMMAND]   : 1
22.04.2023 20:57:02 [INFO]      : Menu Item: Login
22.04.2023 20:57:12 [INFO]      : Show: Main menu
22.04.2023 20:57:12 [MESSAGE]   : Enter menu number
22.04.2023 20:57:14 [COMMAND]   : 4
22.04.2023 20:57:14 [INFO]      : Menu Item: My bookings
22.04.2023 20:57:14 [INFO]      : Show: Main menu
22.04.2023 20:57:14 [MESSAGE]   : Enter menu number

22.04.2023 20:57:36 [START]     : ======================= Application started =======================
22.04.2023 20:57:36 [INFO]      : Loading data...
22.04.2023 20:57:36 [INFO]      : Loading user data
22.04.2023 20:57:36 [INFO]      : Loaded 1 users
22.04.2023 20:57:36 [INFO]      : Loading flight data
22.04.2023 20:57:36 [INFO]      : Loaded 0 flights
22.04.2023 20:57:36 [INFO]      : Loading booking data
22.04.2023 20:57:36 [INFO]      : Loaded 1 bookings
----------------------------------------------------------------------------------------------------
22.04.2023 20:57:36 [INFO]      : Show: Auth menu
22.04.2023 20:57:36 [MESSAGE]   : Enter menu number

22.04.2023 20:57:50 [START]     : ======================= Application started =======================
22.04.2023 20:57:50 [INFO]      : Loading data...
22.04.2023 20:57:50 [INFO]      : Loading user data
22.04.2023 20:57:50 [INFO]      : Loaded 1 users
22.04.2023 20:57:50 [INFO]      : Loading flight data
22.04.2023 20:57:51 [INFO]      : Loaded 0 flights
22.04.2023 20:57:51 [INFO]      : Loading booking data
22.04.2023 20:57:51 [INFO]      : Loaded 1 bookings
----------------------------------------------------------------------------------------------------
22.04.2023 20:57:51 [INFO]      : Show: Auth menu
22.04.2023 20:57:51 [MESSAGE]   : Enter menu number
22.04.2023 20:57:52 [COMMAND]   : 1
22.04.2023 20:57:52 [INFO]      : Menu Item: Login
22.04.2023 20:57:54 [INFO]      : Show: Main menu
22.04.2023 20:57:54 [MESSAGE]   : Enter menu number
22.04.2023 20:57:56 [COMMAND]   : 4
22.04.2023 20:57:56 [INFO]      : Menu Item: My bookings
22.04.2023 20:57:56 [INFO]      : Show: Main menu
22.04.2023 20:57:56 [MESSAGE]   : Enter menu number

22.04.2023 20:58:09 [START]     : ======================= Application started =======================
22.04.2023 20:58:09 [INFO]      : Loading data...
22.04.2023 20:58:09 [INFO]      : Loading user data
22.04.2023 20:58:09 [INFO]      : Loaded 1 users
22.04.2023 20:58:09 [INFO]      : Loading flight data
22.04.2023 20:58:09 [INFO]      : Loaded 0 flights
22.04.2023 20:58:09 [INFO]      : Loading booking data
22.04.2023 20:58:09 [INFO]      : Loaded 1 bookings
----------------------------------------------------------------------------------------------------
22.04.2023 20:58:09 [INFO]      : Show: Auth menu
22.04.2023 20:58:09 [MESSAGE]   : Enter menu number
22.04.2023 20:58:10 [COMMAND]   : 1
22.04.2023 20:58:10 [INFO]      : Menu Item: Login
22.04.2023 20:58:18 [INFO]      : Show: Main menu
22.04.2023 20:58:18 [MESSAGE]   : Enter menu number
22.04.2023 20:58:20 [COMMAND]   : 4
22.04.2023 20:58:20 [INFO]      : Menu Item: My bookings
22.04.2023 20:58:20 [INFO]      : Show: Main menu
22.04.2023 20:58:20 [MESSAGE]   : Enter menu number

22.04.2023 20:59:26 [START]     : ======================= Application started =======================
22.04.2023 20:59:26 [INFO]      : Loading data...
22.04.2023 20:59:26 [INFO]      : Loading user data
22.04.2023 20:59:26 [INFO]      : Loaded 1 users
22.04.2023 20:59:26 [INFO]      : Loading flight data
22.04.2023 20:59:26 [INFO]      : Loaded 0 flights
22.04.2023 20:59:26 [INFO]      : Loading booking data
22.04.2023 20:59:26 [INFO]      : Loaded 1 bookings
----------------------------------------------------------------------------------------------------
22.04.2023 20:59:26 [INFO]      : Show: Auth menu
22.04.2023 20:59:26 [MESSAGE]   : Enter menu number
